Each meta-analysis will be run with: 
3000 total iterations,
4 chains, 
a burnin of 1500 samples,
, 
thus the total number of samples will be 6000
################################################
------------------------------------------------
starting meta-analysis for:

 Vcmax 

------------------------------------------------
prior for Vcmax
                     (using R parameterization):
unif(0, 500)
data max: 87 
data min: 87 
mean: 87 
n: 1
stem plot of data points
stem plot of obs.prec:
Compiling model graph
   Resolving undeclared variables
   Allocating nodes
Graph information:
   Observed stochastic nodes: 2
   Unobserved stochastic nodes: 2
   Total graph size: 16

Initializing model


Iterations = 1002:4000
Thinning interval = 2 
Number of chains = 4 
Sample size per chain = 1500 

1. Empirical mean and standard deviation for each variable,
   plus standard error of the mean:

         Mean    SD Naive SE Time-series SE
beta.o 86.993 6.002  0.07749        0.08795
sd.y    7.576 3.915  0.05054        0.12462

2. Quantiles for each variable:

         2.5%   25%    50%   75% 97.5%
beta.o 74.148 84.06 86.927 90.03 99.44
sd.y    1.556  4.54  7.114 10.09 16.25

