Each meta-analysis will be run with: 
3000 total iterations,
4 chains, 
a burnin of 1500 samples,
, 
thus the total number of samples will be 6000
################################################
------------------------------------------------
starting meta-analysis for:

 c2n_leaf 

------------------------------------------------
prior for c2n_leaf
                     (using R parameterization):
unif(3, 300)
data max: 37.6881282858164 
data min: 16.6315638156314 
mean: 26.1 
n: 34
stem plot of data points

  The decimal point is at the |

  16 | 625
  18 | 8
  20 | 226889902
  22 | 391
  24 | 88
  26 | 326
  28 | 9
  30 | 3360
  32 | 047
  34 | 45
  36 | 407

stem plot of obs.prec:

  The decimal point is 2 digit(s) to the right of the |

  0 | 000000000000000000000000000000
  0 | 
  1 | 
  1 | 
  2 | 
  2 | 
  3 | 
  3 | 
  4 | 1

Compiling model graph
   Resolving undeclared variables
   Allocating nodes
Graph information:
   Observed stochastic nodes: 65
   Unobserved stochastic nodes: 14
   Total graph size: 187

Initializing model


Iterations = 4003:34000
Thinning interval = 3 
Number of chains = 4 
Sample size per chain = 10000 

1. Empirical mean and standard deviation for each variable,
   plus standard error of the mean:

                 Mean        SD  Naive SE Time-series SE
beta.o        127.539  89.82812 0.4491406      5.1863767
beta.site[1] -108.021  89.83455 0.4491728      5.1932944
beta.site[2]  -95.302  89.59725 0.4479863      5.0687207
beta.site[3] -104.808  89.83159 0.4491579      5.1593581
beta.site[4]  -99.500  89.81823 0.4490912      5.1086673
beta.site[5]  -98.902  89.82339 0.4491170      5.1073925
beta.site[6] -106.515  89.83091 0.4491545      5.1042660
beta.site[7]  -94.005  89.82040 0.4491020      5.1790955
beta.site[8] -101.729  89.83518 0.4491759      5.0625208
sd.site       113.641 107.31046 0.5365523      3.2157032
sd.y            2.025   0.04627 0.0002314      0.0002336

2. Quantiles for each variable:

                 2.5%      25%      50%     75%    97.5%
beta.o         23.340   29.647  125.529 188.279 274.5219
beta.site[1] -255.013 -169.232 -105.957 -10.117  -3.8140
beta.site[2] -242.420 -156.793  -93.421   1.371   9.1574
beta.site[3] -251.804 -165.999 -102.659  -6.923  -0.6136
beta.site[4] -246.528 -160.874  -97.435  -1.692   4.7105
beta.site[5] -245.959 -159.914  -96.950  -1.072   5.3445
beta.site[6] -253.514 -167.591 -104.552  -8.633  -2.3322
beta.site[7] -240.996 -155.076  -92.084   3.859  10.1657
beta.site[8] -248.732 -163.113  -99.523  -3.959   2.6401
sd.site         3.797    8.636   93.131 183.699 357.8450
sd.y            1.936    1.994    2.024   2.056   2.1171

################################################
------------------------------------------------
starting meta-analysis for:

 SLA 

------------------------------------------------
prior for SLA
                     (using R parameterization):
unif(1, 100)
data max: 29.3 
data min: 0.125 
mean: 13.7 
n: 34
stem plot of data points

  The decimal point is 1 digit(s) to the right of the |

  0 | 00
  0 | 999
  1 | 000001122233333344
  1 | 667789
  2 | 033
  2 | 59

stem plot of obs.prec:

  The decimal point is at the |

  0 | 00000000000000000001111124569
  1 | 
  2 | 1
  3 | 
  4 | 
  5 | 
  6 | 6
  7 | 
  8 | 8

Compiling model graph
   Resolving undeclared variables
   Allocating nodes
Graph information:
   Observed stochastic nodes: 66
   Unobserved stochastic nodes: 13
   Total graph size: 198

Initializing model


Iterations = 4003:34000
Thinning interval = 3 
Number of chains = 4 
Sample size per chain = 10000 

1. Empirical mean and standard deviation for each variable,
   plus standard error of the mean:

                 Mean       SD Naive SE Time-series SE
beta.o        14.8513 11.83706 0.059185      3.2892064
beta.site[1] -13.4319 12.31493 0.061575      3.4545327
beta.site[2]  -2.0797 11.83889 0.059194      3.3726297
beta.site[3]  -3.1515 11.84061 0.059203      3.3686832
beta.site[4]   2.7663 11.83286 0.059164      3.3389732
beta.site[5]  -0.3144 11.83507 0.059175      3.3567914
beta.site[6]  -5.5559 11.89130 0.059456      3.4550473
beta.site[7]  -4.9126 11.88294 0.059415      3.3545418
beta.site[8]  -2.3035 11.84903 0.059245      3.2976123
sd.site        8.8210 12.28754 0.061438      3.2638463
sd.y           2.5691  0.05639 0.000282      0.0002964

2. Quantiles for each variable:

                2.5%      25%     50%     75%  97.5%
beta.o         7.516  10.1794 11.4616 12.9556 54.297
beta.site[1] -54.320 -12.0630 -9.9295 -8.1688 -5.133
beta.site[2] -41.430  -0.2081  1.3032  2.6147  5.274
beta.site[3] -42.544  -1.2840  0.2401  1.5489  4.219
beta.site[4] -36.588   4.6433  6.1488  7.4487 10.114
beta.site[5] -39.763   1.5423  3.0700  4.3836  7.058
beta.site[6] -45.104  -3.8741 -2.1972 -0.7190  2.066
beta.site[7] -44.473  -3.2159 -1.5358 -0.1064  2.676
beta.site[8] -41.738  -0.6343  1.0408  2.4892  5.367
sd.site        2.966   4.1991  5.1757  6.7570 51.278
sd.y           2.461   2.5306  2.5685  2.6070  2.681

################################################
------------------------------------------------
starting meta-analysis for:

 Vcmax 

------------------------------------------------
prior for Vcmax
                     (using R parameterization):
unif(0, 500)
data max: 84.2827 
data min: 44.4 
mean: 54.3 
n: 8
stem plot of data points

  The decimal point is 1 digit(s) to the right of the |

  4 | 4899
  5 | 127
  6 | 
  7 | 
  8 | 4

stem plot of obs.prec:

  The decimal point is 4 digit(s) to the left of the |

  0 | 400125
  2 | 0
  4 | 
  6 | 
  8 | 8

Compiling model graph
   Resolving undeclared variables
   Allocating nodes
Graph information:
   Observed stochastic nodes: 16
   Unobserved stochastic nodes: 6
   Total graph size: 60

Initializing model


Iterations = 4003:34000
Thinning interval = 3 
Number of chains = 4 
Sample size per chain = 10000 

1. Empirical mean and standard deviation for each variable,
   plus standard error of the mean:

                Mean      SD Naive SE Time-series SE
beta.o        87.182 65.0505 0.325252      16.361552
beta.site[1] -36.999 65.5554 0.327777      16.125515
beta.site[2] -36.886 65.0727 0.325364      16.391444
beta.site[3]  -4.097 64.6589 0.323295      15.540967
sd.site       58.991 99.3214 0.496607      12.106208
sd.y           9.683  0.8015 0.004007       0.004107

2. Quantiles for each variable:

                 2.5%      25%     50%    75%  97.5%
beta.o         27.206  54.3855  64.585 83.236 291.19
beta.site[1] -242.426 -33.9059 -14.174 -3.388  22.79
beta.site[2] -241.054 -32.8563 -14.266 -4.018  23.20
beta.site[3] -207.727  -0.2378  17.466 28.264  57.12
sd.site         9.204  16.9052  26.376 51.354 328.62
sd.y            8.151   9.1383   9.669 10.214  11.30

################################################
------------------------------------------------
starting meta-analysis for:

 cuticular_cond 

------------------------------------------------
prior for cuticular_cond
                     (using R parameterization):
lnorm(8.4, 0.9)
data max: 11891.1 
data min: 2780.96 
mean: 7930 
n: 10
stem plot of data points

  The decimal point is 3 digit(s) to the right of the |

   2 | 8
   4 | 87
   6 | 3
   8 | 27
  10 | 1359

stem plot of obs.prec:

  The decimal point is 8 digit(s) to the left of the |

  0 | 0000000001

Compiling model graph
   Resolving undeclared variables
   Allocating nodes
Graph information:
   Observed stochastic nodes: 20
   Unobserved stochastic nodes: 2
   Total graph size: 43

Initializing model


Iterations = 1002:4000
Thinning interval = 2 
Number of chains = 4 
Sample size per chain = 1500 

1. Empirical mean and standard deviation for each variable,
   plus standard error of the mean:

       Mean     SD Naive SE Time-series SE
beta.o 7914 275.52   3.5569          3.714
sd.y   1201  57.35   0.7404          0.738

2. Quantiles for each variable:

       2.5%  25%  50%  75% 97.5%
beta.o 7365 7732 7912 8102  8450
sd.y   1091 1162 1200 1239  1318

################################################
------------------------------------------------
starting meta-analysis for:

 root_respiration_rate 

------------------------------------------------
prior for root_respiration_rate
                     (using R parameterization):
unif(0, 100)
data max: 5.34949545269541 
data min: 5.29805600027646 
mean: 5.32 
n: 2
stem plot of data points

  The decimal point is 2 digit(s) to the left of the |

  528 | 8
  530 | 
  532 | 
  534 | 9

stem plot of obs.prec:

  The decimal point is 1 digit(s) to the right of the |

  0 | 2
  2 | 
  4 | 
  6 | 1

Compiling model graph
   Resolving undeclared variables
   Allocating nodes
Graph information:
   Observed stochastic nodes: 4
   Unobserved stochastic nodes: 5
   Total graph size: 31

Initializing model


Iterations = 4003:34000
Thinning interval = 3 
Number of chains = 4 
Sample size per chain = 10000 

1. Empirical mean and standard deviation for each variable,
   plus standard error of the mean:

                 Mean      SD  Naive SE Time-series SE
beta.o        24.1705 29.5581 0.1477904      5.6502863
beta.site[1] -18.8685 29.5597 0.1477984      5.6077120
beta.site[2] -18.8327 29.5514 0.1477569      5.6018641
sd.site       33.1661 91.5627 0.4578136      2.0804347
sd.y           0.5093  0.1223 0.0006114      0.0007736

2. Quantiles for each variable:

                  2.5%      25%     50%      75%    97.5%
beta.o         4.25949   5.2261  5.5390 42.31084  94.6623
beta.site[1] -89.39111 -36.9636 -0.1901  0.05754   1.0376
beta.site[2] -89.30475 -36.9077 -0.1652  0.07799   1.0907
sd.site        0.08251   0.2226  0.6768 40.02871 211.2906
sd.y           0.28582   0.4232  0.5037  0.58983   0.7626

