Each meta-analysis will be run with: 
3000 total iterations,
4 chains, 
a burnin of 1500 samples,
, 
thus the total number of samples will be 6000
################################################
------------------------------------------------
starting meta-analysis for:

 stomatal_slope 

------------------------------------------------
prior for stomatal_slope
                     (using R parameterization):
lnorm(2.59, 0.26)
data max: 23.6316 
data min: 10.1523 
mean: 15.5 
n: 10
stem plot of data points

  The decimal point is 1 digit(s) to the right of the |

  1 | 012333
  1 | 89
  2 | 34

stem plot of obs.prec:

  The decimal point is 1 digit(s) to the left of the |

  0 | 000124
  0 | 7
  1 | 3

Compiling model graph
   Resolving undeclared variables
   Allocating nodes
Graph information:
   Observed stochastic nodes: 18
   Unobserved stochastic nodes: 13
   Total graph size: 77

Initializing model


Iterations = 1002:4000
Thinning interval = 2 
Number of chains = 4 
Sample size per chain = 1500 

1. Empirical mean and standard deviation for each variable,
   plus standard error of the mean:

               Mean     SD Naive SE Time-series SE
beta.o      13.2147 0.6349 0.008197       0.023696
beta.trt[2]  5.0482 0.9250 0.011941       0.026715
beta.trt[3] -0.4412 0.9147 0.011809       0.025017
beta.trt[4] -0.3303 0.9107 0.011757       0.026375
beta.trt[5] -1.1089 0.9083 0.011726       0.025731
beta.trt[6] -1.8471 0.9189 0.011862       0.025010
beta.trt[7] -3.0271 0.9103 0.011752       0.025285
beta.trt[8]  9.4272 1.1380 0.014692       0.026758
beta.trt[9] 10.0968 1.1563 0.014927       0.027389
sd.trt       6.0225 1.8729 0.024179       0.024596
sd.y         3.0150 0.1941 0.002506       0.002732

2. Quantiles for each variable:

              2.5%     25%     50%     75%    97.5%
beta.o      11.941 12.7934 13.2300 13.6423 14.43171
beta.trt[2]  3.248  4.4100  5.0381  5.6774  6.85491
beta.trt[3] -2.221 -1.0691 -0.4371  0.1534  1.39317
beta.trt[4] -2.081 -0.9466 -0.3378  0.2838  1.46017
beta.trt[5] -2.889 -1.7298 -1.0998 -0.5022  0.64261
beta.trt[6] -3.640 -2.4724 -1.8515 -1.2370 -0.03785
beta.trt[7] -4.829 -3.6356 -3.0282 -2.4230 -1.25279
beta.trt[8]  7.210  8.6507  9.4230 10.1854 11.63923
beta.trt[9]  7.828  9.3301 10.0989 10.8545 12.34967
sd.trt       3.535  4.7685  5.6616  6.8401 10.75828
sd.y         2.632  2.8857  3.0157  3.1443  3.39731

################################################
------------------------------------------------
starting meta-analysis for:

 SLA 

------------------------------------------------
prior for SLA
                     (using R parameterization):
weibull(2.06, 19)
data max: 24.8101666666667 
data min: 6.17215 
mean: 12.7 
n: 126
stem plot of data points

  The decimal point is at the |

   6 | 27
   7 | 2377
   8 | 13446789
   9 | 13345578899
  10 | 0001112234555569
  11 | 0023344455566788889
  12 | 011223333455668
  13 | 0013566667
  14 | 001112344479
  15 | 24445666
  16 | 0355677799
  17 | 
  18 | 0139
  19 | 8
  20 | 79
  21 | 566
  22 | 
  23 | 
  24 | 8

stem plot of obs.prec:

  The decimal point is 2 digit(s) to the right of the |

   0 | 00000000000000000000000000000000000000000000000000000000000000000000+31
   1 | 07
   2 | 4
   3 | 
   4 | 8
   5 | 7
   6 | 
   7 | 1
   8 | 6
   9 | 
  10 | 
  11 | 
  12 | 
  13 | 
  14 | 
  15 | 2

Compiling model graph
   Resolving undeclared variables
   Allocating nodes
Graph information:
   Observed stochastic nodes: 245
   Unobserved stochastic nodes: 12
   Total graph size: 543

Initializing model


Iterations = 4003:34000
Thinning interval = 3 
Number of chains = 4 
Sample size per chain = 10000 

1. Empirical mean and standard deviation for each variable,
   plus standard error of the mean:

               Mean       SD  Naive SE Time-series SE
beta.o       11.546  3.81238 1.906e-02      7.290e-01
beta.site[1]  1.269  3.81181 1.906e-02      7.363e-01
beta.site[2] -4.202  3.82615 1.913e-02      7.345e-01
sd.site       7.658 11.91828 5.959e-02      2.870e-01
sd.y          1.530  0.01759 8.794e-05      8.929e-05

2. Quantiles for each variable:

                2.5%     25%    50%    75%  97.5%
beta.o         5.601  8.9772 10.723 13.444 20.490
beta.site[1]  -7.685 -0.6326  2.092  3.835  7.204
beta.site[2] -13.162 -6.1418 -3.368 -1.624  1.748
sd.site        1.643  3.0270  4.751  8.215 30.534
sd.y           1.496  1.5182  1.530  1.542  1.565

################################################
------------------------------------------------
starting meta-analysis for:

 seedling_mortality 

------------------------------------------------
prior for seedling_mortality
                     (using R parameterization):
beta(3.61, 0.433)
data max: 1 
data min: 0 
mean: 0.617 
n: 129
stem plot of data points

  The decimal point is 1 digit(s) to the left of the |

   0 | 000000046899
   1 | 3346669
   2 | 0333555688
   3 | 22558
   4 | 01789
   5 | 00266666778
   6 | 00222234447999
   7 | 00112334455588899
   8 | 000012223344566
   9 | 00023333445555556677899
  10 | 0000000000

stem plot of obs.prec:

  The decimal point is 9 digit(s) to the right of the |

  0 | 00000000
  0 | 
  1 | 
  1 | 6

Compiling model graph
   Resolving undeclared variables
   Allocating nodes
Graph information:
   Observed stochastic nodes: 138
   Unobserved stochastic nodes: 122
   Total graph size: 413

Initializing model


Iterations = 1002:4000
Thinning interval = 2 
Number of chains = 4 
Sample size per chain = 1500 

1. Empirical mean and standard deviation for each variable,
   plus standard error of the mean:

         Mean       SD  Naive SE Time-series SE
beta.o 0.5590 0.006150 7.939e-05      8.331e-05
sd.y   0.1304 0.001236 1.595e-05      1.649e-05

2. Quantiles for each variable:

        2.5%    25%    50%    75%  97.5%
beta.o 0.547 0.5549 0.5590 0.5632 0.5712
sd.y   0.128 0.1295 0.1304 0.1312 0.1328

################################################
------------------------------------------------
starting meta-analysis for:

 c2n_leaf 

------------------------------------------------
prior for c2n_leaf
                     (using R parameterization):
gamma(4.18, 0.13)
data max: 142.96775483871 
data min: 10.6 
mean: 36.5 
n: 151
stem plot of data points

  The decimal point is 1 digit(s) to the right of the |

   1 | 1122356677
   2 | 000111112333344444555667777777778888888899
   3 | 00001111111122233333344444444555556666667778888899999999
   4 | 1112222333334444455778
   5 | 1113456
   6 | 001123669
   7 | 1
   8 | 14
   9 | 6
  10 | 
  11 | 
  12 | 
  13 | 
  14 | 3

stem plot of obs.prec:

  The decimal point is 1 digit(s) to the right of the |

   0 | 00000000000000000000000000000000000000000000000000000000000000000000+63
   2 | 5
   4 | 
   6 | 88
   8 | 
  10 | 
  12 | 
  14 | 2
  16 | 
  18 | 
  20 | 
  22 | 
  24 | 44
  26 | 
  28 | 
  30 | 
  32 | 
  34 | 
  36 | 
  38 | 
  40 | 66

Compiling model graph
   Resolving undeclared variables
   Allocating nodes
Graph information:
   Observed stochastic nodes: 302
   Unobserved stochastic nodes: 6
   Total graph size: 654

Initializing model


Iterations = 4003:34000
Thinning interval = 3 
Number of chains = 4 
Sample size per chain = 10000 

1. Empirical mean and standard deviation for each variable,
   plus standard error of the mean:

                Mean       SD  Naive SE Time-series SE
beta.o        29.842  6.03447 0.0301724      1.596e+00
beta.site[1]   6.535  6.03549 0.0301775      1.555e+00
beta.site[2]   9.412  6.04868 0.0302434      1.580e+00
beta.site[3] -10.325  6.03984 0.0301992      1.547e+00
sd.site       14.240 11.23496 0.0561748      3.311e-01
sd.y           3.462  0.01466 0.0000733      7.358e-05

2. Quantiles for each variable:

                 2.5%     25%     50%    75%  97.5%
beta.o        13.3424  27.252  30.535 34.028 38.812
beta.site[1]  -2.4349   2.352   5.839  9.135 23.068
beta.site[2]   0.4041   5.215   8.693 12.026 25.988
beta.site[3] -19.2958 -14.508 -11.025 -7.733  6.267
sd.site        5.3125   8.329  11.256 16.192 41.246
sd.y           3.4328   3.452   3.462  3.471  3.490

################################################
------------------------------------------------
starting meta-analysis for:

 fineroot2leaf 

------------------------------------------------
prior for fineroot2leaf
                     (using R parameterization):
lnorm(0.811, 0.843)
data max: 2.7175 
data min: 1.10156 
mean: 1.73 
n: 5
stem plot of data points

  The decimal point is at the |

  1 | 123
  1 | 
  2 | 4
  2 | 7

stem plot of obs.prec:

  The decimal point is 2 digit(s) to the right of the |

  0 | 223
  1 | 9
  2 | 
  3 | 
  4 | 9

Compiling model graph
   Resolving undeclared variables
   Allocating nodes
Graph information:
   Observed stochastic nodes: 10
   Unobserved stochastic nodes: 2
   Total graph size: 32

Initializing model


Iterations = 1002:4000
Thinning interval = 2 
Number of chains = 4 
Sample size per chain = 1500 

1. Empirical mean and standard deviation for each variable,
   plus standard error of the mean:

         Mean      SD  Naive SE Time-series SE
beta.o 1.4661 0.11835 0.0015279      0.0016264
sd.y   0.5184 0.04797 0.0006193      0.0006835

2. Quantiles for each variable:

        2.5%    25%    50%    75%  97.5%
beta.o 1.231 1.3893 1.4653 1.5428 1.7022
sd.y   0.431 0.4848 0.5163 0.5503 0.6166

################################################
------------------------------------------------
starting meta-analysis for:

 r_fract 

------------------------------------------------
prior for r_fract
                     (using R parameterization):
beta(2, 4)
data max: 0.2115 
data min: 0.0779 
mean: 0.129 
n: 10
stem plot of data points

  The decimal point is 1 digit(s) to the left of the |

  0 | 8
  1 | 000004
  1 | 89
  2 | 1

stem plot of obs.prec:

  The decimal point is 7 digit(s) to the right of the |

  0 | 11222
  0 | 5688
  1 | 2

Compiling model graph
   Resolving undeclared variables
   Allocating nodes
Graph information:
   Observed stochastic nodes: 20
   Unobserved stochastic nodes: 2
   Total graph size: 43

Initializing model


Iterations = 1002:4000
Thinning interval = 2 
Number of chains = 4 
Sample size per chain = 1500 

1. Empirical mean and standard deviation for each variable,
   plus standard error of the mean:

          Mean       SD  Naive SE Time-series SE
beta.o 0.12893 0.007721 9.968e-05      1.053e-04
sd.y   0.03386 0.002688 3.470e-05      3.789e-05

2. Quantiles for each variable:

          2.5%     25%     50%     75%   97.5%
beta.o 0.11361 0.12384 0.12888 0.13412 0.14453
sd.y   0.02894 0.03203 0.03375 0.03563 0.03937

################################################
------------------------------------------------
starting meta-analysis for:

 Vcmax 

------------------------------------------------
prior for Vcmax
                     (using R parameterization):
lnorm(4.51, 0.64)
data max: 124.4765 
data min: 44.422 
mean: 82.2 
n: 16
stem plot of data points

  The decimal point is 1 digit(s) to the right of the |

   4 | 466
   6 | 714
   8 | 115673
  10 | 037
  12 | 4

stem plot of obs.prec:

  The decimal point is 7 digit(s) to the left of the |

  0 | 913488899
  2 | 37018
  4 | 2
  6 | 
  8 | 9

Compiling model graph
   Resolving undeclared variables
   Allocating nodes
Graph information:
   Observed stochastic nodes: 32
   Unobserved stochastic nodes: 2
   Total graph size: 91

Initializing model


Iterations = 1002:4000
Thinning interval = 2 
Number of chains = 4 
Sample size per chain = 1500 

1. Empirical mean and standard deviation for each variable,
   plus standard error of the mean:

        Mean    SD Naive SE Time-series SE
beta.o 83.42 2.376  0.03067        0.03257
sd.y   48.67 1.479  0.01910        0.01967

2. Quantiles for each variable:

        2.5%   25%   50%   75% 97.5%
beta.o 78.89 81.79 83.40 85.01 88.13
sd.y   45.77 47.67 48.65 49.67 51.58

################################################
------------------------------------------------
starting meta-analysis for:

 leaf_respiration_rate_m2 

------------------------------------------------
prior for leaf_respiration_rate_m2
                     (using R parameterization):
lnorm(0.632, 0.65)
data max: 2.7554 
data min: 0.6476 
mean: 1.22 
n: 16
stem plot of data points

  The decimal point is at the |

  0 | 678889
  1 | 0112
  1 | 55556
  2 | 
  2 | 8

stem plot of obs.prec:

  The decimal point is 1 digit(s) to the right of the |

  0 | 01223445
  1 | 0114456
  2 | 6

Compiling model graph
   Resolving undeclared variables
   Allocating nodes
Graph information:
   Observed stochastic nodes: 32
   Unobserved stochastic nodes: 2
   Total graph size: 92

Initializing model


Iterations = 1002:4000
Thinning interval = 2 
Number of chains = 4 
Sample size per chain = 1500 

1. Empirical mean and standard deviation for each variable,
   plus standard error of the mean:

         Mean      SD  Naive SE Time-series SE
beta.o 1.2180 0.03625 0.0004680      0.0004675
sd.y   0.7205 0.01923 0.0002483      0.0002584

2. Quantiles for each variable:

         2.5%    25%    50%    75%  97.5%
beta.o 1.1478 1.1938 1.2185 1.2427 1.2879
sd.y   0.6836 0.7072 0.7202 0.7335 0.7587

################################################
------------------------------------------------
starting meta-analysis for:

 quantum_efficiency 

------------------------------------------------
prior for quantum_efficiency
                     (using R parameterization):
weibull(3.32, 0.08)
data max: 0.09 
data min: 0.045 
mean: 0.0642 
n: 17
stem plot of data points

  The decimal point is 2 digit(s) to the left of the |

  4 | 578
  5 | 13388
  6 | 388
  7 | 037
  8 | 48
  9 | 0

stem plot of obs.prec:

  The decimal point is 6 digit(s) to the right of the |

  0 | 3333344
  0 | 55799
  1 | 2
  1 | 8
  2 | 34

Compiling model graph
   Resolving undeclared variables
   Allocating nodes
Graph information:
   Observed stochastic nodes: 33
   Unobserved stochastic nodes: 6
   Total graph size: 123

Initializing model


Iterations = 1002:4000
Thinning interval = 2 
Number of chains = 4 
Sample size per chain = 1500 

1. Empirical mean and standard deviation for each variable,
   plus standard error of the mean:

                  Mean       SD  Naive SE Time-series SE
beta.o        0.065243 0.011507 0.0001486      1.105e-03
beta.site[1]  0.004619 0.017428 0.0002250      8.152e-04
beta.site[2] -0.001383 0.011491 0.0001484      1.136e-03
sd.site       0.018375 0.030270 0.0003908      1.258e-03
sd.y          0.036155 0.001162 0.0000150      1.657e-05

2. Quantiles for each variable:

                  2.5%       25%       50%      75%   97.5%
beta.o        0.038731  0.060302  0.065205 0.071088 0.08937
beta.site[1] -0.023910 -0.002966  0.001455 0.008928 0.05139
beta.site[2] -0.025398 -0.006923 -0.001218 0.003268 0.02517
sd.site       0.001781  0.004664  0.009543 0.019841 0.08961
sd.y          0.033922  0.035370  0.036146 0.036937 0.03841

