Each meta-analysis will be run with: 
3000 total iterations,
4 chains, 
a burnin of 1500 samples,
, 
thus the total number of samples will be 6000
################################################
------------------------------------------------
starting meta-analysis for:

 b2Bl 

------------------------------------------------
prior for b2Bl
                     (using R parameterization):
norm(1.5, 2)
data max: 1.567 
data min: 1.567 
mean: 1.57 
n: 1
stem plot of data points
no estimates of SD for b2Bl
Compiling model graph
   Resolving undeclared variables
   Allocating nodes
Graph information:
   Observed stochastic nodes: 1
   Unobserved stochastic nodes: 3
   Total graph size: 17

Initializing model


Iterations = 2:3000
Thinning interval = 2 
Number of chains = 4 
Sample size per chain = 1500 

1. Empirical mean and standard deviation for each variable,
   plus standard error of the mean:

        Mean       SD Naive SE Time-series SE
beta.o  1.53   0.8777  0.01133        0.01116
sd.y   12.40 140.8140  1.81790        1.81765

2. Quantiles for each variable:

           2.5%    25%   50%   75%  97.5%
beta.o -0.68441 1.3912 1.563 1.687  3.613
sd.y    0.05453 0.2558 1.066 4.467 53.783

################################################
------------------------------------------------
starting meta-analysis for:

 SLA 

------------------------------------------------
prior for SLA
                     (using R parameterization):
unif(3, 30)
data max: 25 
data min: 7.994 
mean: 13.9 
n: 3
stem plot of data points

  The decimal point is 1 digit(s) to the right of the |

  0 | 89
  1 | 
  1 | 
  2 | 
  2 | 5

stem plot of obs.prec:
Compiling model graph
   Resolving undeclared variables
   Allocating nodes
Graph information:
   Observed stochastic nodes: 4
   Unobserved stochastic nodes: 7
   Total graph size: 36

Initializing model


Iterations = 4003:34000
Thinning interval = 3 
Number of chains = 4 
Sample size per chain = 10000 

1. Empirical mean and standard deviation for each variable,
   plus standard error of the mean:

                Mean       SD  Naive SE Time-series SE
beta.o       13.7388  6.38165 0.0319082      1.2676551
beta.site[1] -5.5634  6.38224 0.0319112      1.2746188
beta.site[2] 11.2533  6.38533 0.0319267      1.2630269
sd.site      18.8891 28.18914 0.1409457      0.2176887
sd.y          0.2727  0.05196 0.0002598      0.0002768

2. Quantiles for each variable:

                 2.5%      25%     50%     75%   97.5%
beta.o         3.5450   8.4961 13.7314 18.4145 25.9198
beta.site[1] -17.7560 -10.2356 -5.5580 -0.3209  4.6251
beta.site[2]  -0.9394   6.5898 11.2681 16.5110 21.4593
sd.site        4.9743   8.6737 12.6678 20.0787 68.9305
sd.y           0.1840   0.2355  0.2682  0.3054  0.3857

################################################
------------------------------------------------
starting meta-analysis for:

 b2Bs 

------------------------------------------------
prior for b2Bs
                     (using R parameterization):
norm(2.5, 2)
data max: 2.464 
data min: 2.464 
mean: 2.46 
n: 1
stem plot of data points
no estimates of SD for b2Bs
Compiling model graph
   Resolving undeclared variables
   Allocating nodes
Graph information:
   Observed stochastic nodes: 1
   Unobserved stochastic nodes: 3
   Total graph size: 17

Initializing model


Iterations = 2:3000
Thinning interval = 2 
Number of chains = 4 
Sample size per chain = 1500 

1. Empirical mean and standard deviation for each variable,
   plus standard error of the mean:

         Mean       SD Naive SE Time-series SE
beta.o  2.445   0.9165  0.01183        0.01158
sd.y   14.001 183.5362  2.36944        2.36918

2. Quantiles for each variable:

          2.5%    25%   50%   75%  97.5%
beta.o 0.19867 2.2571 2.460 2.620  4.681
sd.y   0.08198 0.3535 1.329 5.028 58.201

################################################
------------------------------------------------
starting meta-analysis for:

 agf_bs 

------------------------------------------------
prior for agf_bs
                     (using R parameterization):
beta(1, 1)
data max: 0.7782 
data min: 0.7782 
mean: 0.778 
n: 1
stem plot of data points
stem plot of obs.prec:
Compiling model graph
   Resolving undeclared variables
   Allocating nodes
Graph information:
   Observed stochastic nodes: 2
   Unobserved stochastic nodes: 2
   Total graph size: 15

Initializing model


Iterations = 1002:4000
Thinning interval = 2 
Number of chains = 4 
Sample size per chain = 1500 

1. Empirical mean and standard deviation for each variable,
   plus standard error of the mean:

         Mean      SD  Naive SE Time-series SE
beta.o 0.7783 0.04872 0.0006289      0.0006916
sd.y   0.1129 0.03288 0.0004245      0.0006216

2. Quantiles for each variable:

          2.5%     25%    50%    75%  97.5%
beta.o 0.67811 0.74924 0.7777 0.8078 0.8765
sd.y   0.05532 0.08915 0.1109 0.1347 0.1808

################################################
------------------------------------------------
starting meta-analysis for:

 b1Bs 

------------------------------------------------
prior for b1Bs
                     (using R parameterization):
lnorm(-1.2, 4)
data max: 0.0676 
data min: 0.0676 
mean: 0.0676 
n: 1
stem plot of data points
no estimates of SD for b1Bs
Compiling model graph
   Resolving undeclared variables
   Allocating nodes
Graph information:
   Observed stochastic nodes: 1
   Unobserved stochastic nodes: 3
   Total graph size: 18

Initializing model


Iterations = 1002:4000
Thinning interval = 2 
Number of chains = 4 
Sample size per chain = 1500 

1. Empirical mean and standard deviation for each variable,
   plus standard error of the mean:

          Mean      SD  Naive SE Time-series SE
beta.o 0.06399 0.06942 0.0008962       0.005918
sd.y   0.66075 7.53689 0.0973008       0.100079

2. Quantiles for each variable:

            2.5%     25%     50%    75%  97.5%
beta.o 0.0001631 0.02858 0.06571 0.0698 0.2575
sd.y   0.0023539 0.01568 0.08868 0.3002 3.6471

################################################
------------------------------------------------
starting meta-analysis for:

 c2n_fineroot 

------------------------------------------------
prior for c2n_fineroot
                     (using R parameterization):
unif(0, 500)
data max: 43.73 
data min: 43.73 
mean: 43.7 
n: 1
stem plot of data points
no estimates of SD for c2n_fineroot
Compiling model graph
   Resolving undeclared variables
   Allocating nodes
Graph information:
   Observed stochastic nodes: 1
   Unobserved stochastic nodes: 3
   Total graph size: 16

Initializing model


Iterations = 1002:4000
Thinning interval = 2 
Number of chains = 4 
Sample size per chain = 1500 

1. Empirical mean and standard deviation for each variable,
   plus standard error of the mean:

         Mean      SD Naive SE Time-series SE
beta.o  63.26   66.25   0.8553          5.514
sd.y   131.55 1634.82  21.1055         25.801

2. Quantiles for each variable:

          2.5%     25%    50%   75% 97.5%
beta.o 14.5747 42.8557 43.888 49.74 306.1
sd.y    0.1184  0.7367  4.132 30.21 740.8

################################################
------------------------------------------------
starting meta-analysis for:

 c2n_leaf 

------------------------------------------------
prior for c2n_leaf
                     (using R parameterization):
unif(3, 300)
data max: 43.1 
data min: 18.1818181818182 
mean: 34.4 
n: 3
stem plot of data points

  The decimal point is 1 digit(s) to the right of the |

  1 | 8
  2 | 
  2 | 
  3 | 
  3 | 
  4 | 23

stem plot of obs.prec:

  The decimal point is 1 digit(s) to the right of the |

  0 | 0
  1 | 
  2 | 
  3 | 9

Compiling model graph
   Resolving undeclared variables
   Allocating nodes
Graph information:
   Observed stochastic nodes: 5
   Unobserved stochastic nodes: 7
   Total graph size: 41

Initializing model


Iterations = 4003:34000
Thinning interval = 3 
Number of chains = 4 
Sample size per chain = 10000 

1. Empirical mean and standard deviation for each variable,
   plus standard error of the mean:

                  Mean        SD  Naive SE Time-series SE
beta.o        150.3992  67.72178 0.3386089      4.343e-01
beta.site[1] -132.2150  67.72199 0.3386099      4.162e-01
beta.site[2] -107.2993  67.72180 0.3386090      4.346e-01
beta.site[3] -108.5713  67.72216 0.3386108      4.236e-01
sd.site       160.7635 159.85714 0.7992857      6.536e-01
sd.y            0.4025   0.01332 0.0000666      6.754e-05

2. Quantiles for each variable:

                  2.5%       25%       50%      75%   97.5%
beta.o         57.5491  103.6926  150.2296 198.4787 241.796
beta.site[1] -223.7172 -181.2022 -132.3790 -85.1043 -39.175
beta.site[2] -198.6931 -155.3858 -107.1494 -60.5846 -14.446
beta.site[3] -199.9686 -156.7046 -108.4940 -61.6707 -15.669
sd.site        18.5515   60.2880  127.1464 207.9768 534.636
sd.y            0.3767    0.3934    0.4024   0.4115   0.429

################################################
------------------------------------------------
starting meta-analysis for:

 fineroot2leaf 

------------------------------------------------
prior for fineroot2leaf
                     (using R parameterization):
lnorm(-0.25, 1)
data max: 1.76 
data min: 0.2126 
mean: 1.02 
n: 3
stem plot of data points

  The decimal point is at the |

  0 | 2
  0 | 
  1 | 1
  1 | 8

no estimates of SD for fineroot2leaf
Compiling model graph
   Resolving undeclared variables
   Allocating nodes
Graph information:
   Observed stochastic nodes: 3
   Unobserved stochastic nodes: 8
   Total graph size: 34

Initializing model


Iterations = 1002:4000
Thinning interval = 2 
Number of chains = 4 
Sample size per chain = 1500 

1. Empirical mean and standard deviation for each variable,
   plus standard error of the mean:

                Mean     SD Naive SE Time-series SE
beta.o        0.8417 0.4947 0.006386        0.01134
beta.site[1] -0.2292 0.5585 0.007210        0.01138
beta.site[2]  0.2663 0.5297 0.006839        0.01120
sd.site       0.7716 1.8232 0.023537        0.02892
sd.y          0.8805 0.7821 0.010097        0.01291

2. Quantiles for each variable:

                 2.5%      25%      50%     75% 97.5%
beta.o        0.13834  0.48197  0.77093 1.11428 1.999
beta.site[1] -1.60481 -0.42545 -0.09221 0.03973 0.629
beta.site[2] -0.65197 -0.02127  0.13371 0.54527 1.383
sd.site       0.03213  0.13799  0.39800 0.88400 3.575
sd.y          0.22344  0.45532  0.68107 1.03842 2.800

################################################
------------------------------------------------
starting meta-analysis for:

 b1Bl 

------------------------------------------------
prior for b1Bl
                     (using R parameterization):
lnorm(-3.5, 3)
data max: 0.0845 
data min: 0.0845 
mean: 0.0845 
n: 1
stem plot of data points
no estimates of SD for b1Bl
Compiling model graph
   Resolving undeclared variables
   Allocating nodes
Graph information:
   Observed stochastic nodes: 1
   Unobserved stochastic nodes: 3
   Total graph size: 18

Initializing model


Iterations = 1002:4000
Thinning interval = 2 
Number of chains = 4 
Sample size per chain = 1500 

1. Empirical mean and standard deviation for each variable,
   plus standard error of the mean:

          Mean     SD  Naive SE Time-series SE
beta.o 0.06287 0.0466 0.0006016       0.001957
sd.y   0.71597 4.1348 0.0533806       0.065334

2. Quantiles for each variable:

            2.5%     25%     50%     75%  97.5%
beta.o 0.0001714 0.01831 0.07793 0.08552 0.1585
sd.y   0.0030402 0.02083 0.12898 0.39479 4.1529

################################################
------------------------------------------------
starting meta-analysis for:

 leaf_turnover_rate 

------------------------------------------------
prior for leaf_turnover_rate
                     (using R parameterization):
unif(0.04, 1)
data max: 0.628428571428571 
data min: 0.588 
mean: 0.608 
n: 2
stem plot of data points

  The decimal point is 2 digit(s) to the left of the |

  58 | 8
  59 | 
  60 | 
  61 | 
  62 | 8

stem plot of obs.prec:
Compiling model graph
   Resolving undeclared variables
   Allocating nodes
Graph information:
   Observed stochastic nodes: 3
   Unobserved stochastic nodes: 3
   Total graph size: 22

Initializing model


Iterations = 1002:4000
Thinning interval = 2 
Number of chains = 4 
Sample size per chain = 1500 

1. Empirical mean and standard deviation for each variable,
   plus standard error of the mean:

         Mean      SD  Naive SE Time-series SE
beta.o 0.6233 0.07665 0.0009896       0.001085
sd.y   0.2052 0.06048 0.0007808       0.001132

2. Quantiles for each variable:

          2.5%    25%    50%    75%  97.5%
beta.o 0.46674 0.5766 0.6242 0.6708 0.7759
sd.y   0.09957 0.1614 0.2012 0.2454 0.3322

################################################
------------------------------------------------
starting meta-analysis for:

 Vcmax 

------------------------------------------------
prior for Vcmax
                     (using R parameterization):
unif(0, 500)
data max: 74 
data min: 53 
mean: 65 
n: 4
stem plot of data points

  The decimal point is 1 digit(s) to the right of the |

  5 | 3
  5 | 
  6 | 1
  6 | 
  7 | 24

stem plot of obs.prec:

  The decimal point is 4 digit(s) to the left of the |

  0 | 000
  1 | 
  2 | 
  3 | 
  4 | 0

Compiling model graph
   Resolving undeclared variables
   Allocating nodes
Graph information:
   Observed stochastic nodes: 8
   Unobserved stochastic nodes: 2
   Total graph size: 25

Initializing model


Iterations = 1002:4000
Thinning interval = 2 
Number of chains = 4 
Sample size per chain = 1500 

1. Empirical mean and standard deviation for each variable,
   plus standard error of the mean:

        Mean     SD Naive SE Time-series SE
beta.o 64.98 1.0275 0.013264       0.013952
sd.y   14.19 0.5565 0.007184       0.007433

2. Quantiles for each variable:

        2.5%   25%   50%   75% 97.5%
beta.o 62.96 64.27 64.98 65.66 67.01
sd.y   13.11 13.81 14.19 14.57 15.29

################################################
------------------------------------------------
starting meta-analysis for:

 root_turnover_rate 

------------------------------------------------
prior for root_turnover_rate
                     (using R parameterization):
unif(0, 10)
data max: 0.98 
data min: 0.42 
mean: 0.597 
n: 6
stem plot of data points

  The decimal point is 1 digit(s) to the left of the |

  4 | 2376
  6 | 2
  8 | 8

stem plot of obs.prec:

  The decimal point is 4 digit(s) to the right of the |

  2 | 
  3 | 00000
  4 | 
  5 | 
  6 | 7

Compiling model graph
   Resolving undeclared variables
   Allocating nodes
Graph information:
   Observed stochastic nodes: 12
   Unobserved stochastic nodes: 2
   Total graph size: 35

Initializing model


Iterations = 1002:4000
Thinning interval = 2 
Number of chains = 4 
Sample size per chain = 1500 

1. Empirical mean and standard deviation for each variable,
   plus standard error of the mean:

         Mean      SD  Naive SE Time-series SE
beta.o 0.6033 0.03222 0.0004160      0.0004345
sd.y   0.1308 0.00961 0.0001241      0.0001301

2. Quantiles for each variable:

        2.5%    25%    50%    75%  97.5%
beta.o 0.540 0.5816 0.6038 0.6249 0.6666
sd.y   0.113 0.1241 0.1305 0.1370 0.1507

################################################
------------------------------------------------
starting meta-analysis for:

 quantum_efficiency 

------------------------------------------------
prior for quantum_efficiency
                     (using R parameterization):
weibull(8.32, 0.0552)
data max: 0.0385 
data min: 0.0269 
mean: 0.0308 
n: 3
stem plot of data points

  The decimal point is 2 digit(s) to the left of the |

  2 | 77
  3 | 
  3 | 9

stem plot of obs.prec:
Compiling model graph
   Resolving undeclared variables
   Allocating nodes
Graph information:
   Observed stochastic nodes: 4
   Unobserved stochastic nodes: 8
   Total graph size: 39

Initializing model


Iterations = 1002:4000
Thinning interval = 2 
Number of chains = 4 
Sample size per chain = 1500 

1. Empirical mean and standard deviation for each variable,
   plus standard error of the mean:

                  Mean       SD  Naive SE Time-series SE
beta.o        0.039725 0.007387 9.536e-05      2.934e-04
beta.site[1] -0.007373 0.009638 1.244e-04      4.009e-04
beta.site[2] -0.007375 0.009541 1.232e-04      3.989e-04
beta.site[3] -0.001686 0.007092 9.155e-05      2.738e-04
sd.site       0.011112 0.016053 2.072e-04      4.719e-04
sd.y          0.007643 0.003279 4.233e-05      8.861e-05

2. Quantiles for each variable:

                   2.5%       25%       50%        75%    97.5%
beta.o        0.0285808  0.034430  0.038434  0.0438648 0.057348
beta.site[1] -0.0322057 -0.012407 -0.004289 -0.0004463 0.004476
beta.site[2] -0.0314802 -0.012228 -0.004320 -0.0005257 0.004370
beta.site[3] -0.0206135 -0.004276 -0.000318  0.0023186 0.009419
sd.site       0.0009444  0.003032  0.006553  0.0138932 0.046863
sd.y          0.0023563  0.005174  0.007307  0.0097046 0.014887

################################################
------------------------------------------------
starting meta-analysis for:

 root_respiration_rate 

------------------------------------------------
prior for root_respiration_rate
                     (using R parameterization):
unif(0, 100)
data max: 47.695621793571 
data min: 0.207 
mean: 11.2 
n: 68
stem plot of data points

  The decimal point is 1 digit(s) to the right of the |

  0 | 00122233333334444
  0 | 55555667777888899999
  1 | 000001122233444
  1 | 555667799
  2 | 4
  2 | 8
  3 | 3
  3 | 7
  4 | 00
  4 | 8

stem plot of obs.prec:

  The decimal point is 3 digit(s) to the right of the |

  0 | 000000000000000000000000000000000000000000004
  0 | 
  1 | 
  1 | 
  2 | 
  2 | 
  3 | 
  3 | 
  4 | 1

Compiling model graph
   Resolving undeclared variables
   Allocating nodes
Graph information:
   Observed stochastic nodes: 114
   Unobserved stochastic nodes: 40
   Total graph size: 469

Initializing model


Iterations = 4003:34000
Thinning interval = 3 
Number of chains = 4 
Sample size per chain = 10000 

1. Empirical mean and standard deviation for each variable,
   plus standard error of the mean:

                 Mean       SD  Naive SE Time-series SE
beta.ghs[2]   -5.1910  6.93816 3.469e-02      7.305e-01
beta.o        24.3725 22.47542 1.124e-01      2.700e+00
beta.site[1]  -7.8622 22.47301 1.124e-01      2.675e+00
beta.site[2] -11.3677 22.27848 1.114e-01      1.677e+00
beta.site[3] -18.5323 22.32932 1.116e-01      1.663e+00
beta.site[4] -19.6042 22.48558 1.124e-01      2.689e+00
beta.site[5] -13.2971 22.28006 1.114e-01      1.684e+00
beta.trt[2]   -0.5012  0.89135 4.457e-03      4.792e-03
beta.trt[3]    0.6767  0.87166 4.358e-03      4.574e-03
beta.trt[4]   -2.7239  1.22034 6.102e-03      8.781e-03
beta.trt[5]   -0.4622  1.06797 5.340e-03      5.492e-03
beta.trt[6]    0.3034  0.52019 2.601e-03      3.151e-03
beta.trt[7]   -0.2553  1.03112 5.156e-03      5.504e-03
beta.trt[8]   -1.1687  0.54591 2.730e-03      3.695e-03
beta.trt[9]    0.3453  1.03625 5.181e-03      5.608e-03
sd.site       21.3526 27.13190 1.357e-01      1.665e+00
sd.trt         1.5306  0.68414 3.421e-03      4.747e-03
sd.y           2.5216  0.01915 9.574e-05      9.655e-05

2. Quantiles for each variable:

                 2.5%       25%      50%     75%   97.5%
beta.ghs[2]  -19.7080  -9.22056 -5.58945 -1.5525 10.3579
beta.o         1.4950   9.36007 13.09196 39.0970 74.2348
beta.site[1] -57.7501 -22.59339  3.40985  7.1499 15.0238
beta.site[2] -66.3647 -23.30237  0.02024  3.3358  7.9638
beta.site[3] -73.6132 -30.50111 -7.10286 -3.7632  0.8635
beta.site[4] -69.5300 -34.29938 -8.30939 -4.5676  3.2654
beta.site[5] -68.3296 -25.14200 -1.95485  1.4007  6.1814
beta.trt[2]   -2.3548  -1.07342 -0.46201  0.1011  1.1741
beta.trt[3]   -0.9874   0.08869  0.64779  1.2446  2.4474
beta.trt[4]   -5.1790  -3.54993 -2.70411 -1.8681 -0.4110
beta.trt[5]   -2.7248  -1.12540 -0.40034  0.2377  1.5409
beta.trt[6]   -0.7234  -0.04120  0.30264  0.6538  1.3235
beta.trt[7]   -2.3685  -0.89871 -0.23475  0.4011  1.7833
beta.trt[8]   -2.2466  -1.53580 -1.15909 -0.7955 -0.1169
beta.trt[9]   -1.6557  -0.31622  0.30679  0.9915  2.4920
sd.site        3.3004   5.32230  8.07787 29.3094 94.9304
sd.trt         0.4959   1.06632  1.43041  1.8768  3.1513
sd.y           2.4842   2.50869  2.52163  2.5345  2.5593

