Each meta-analysis will be run with: 
3000 total iterations,
4 chains, 
a burnin of 1500 samples,
, 
thus the total number of samples will be 6000
################################################
------------------------------------------------
starting meta-analysis for:

 stomatal_slope 

------------------------------------------------
prior for stomatal_slope
                     (using R parameterization):
weibull(2, 10)
data max: 13.1684 
data min: 3.74 
mean: 8.05 
n: 8
stem plot of data points

  The decimal point is at the |

   2 | 79
   4 | 44
   6 | 
   8 | 
  10 | 75
  12 | 62

stem plot of obs.prec:

  The decimal point is 2 digit(s) to the right of the |

  0 | 0000023
  2 | 
  4 | 
  6 | 
  8 | 8

Compiling model graph
   Resolving undeclared variables
   Allocating nodes
Graph information:
   Observed stochastic nodes: 16
   Unobserved stochastic nodes: 5
   Total graph size: 51

Initializing model


Iterations = 4003:34000
Thinning interval = 3 
Number of chains = 4 
Sample size per chain = 10000 

1. Empirical mean and standard deviation for each variable,
   plus standard error of the mean:

                Mean       SD  Naive SE Time-series SE
beta.o        7.7017  3.00179 0.0150089      0.2803991
beta.site[1]  4.2914  3.00439 0.0150219      0.2765974
beta.site[2] -3.5999  3.00720 0.0150360      0.2804385
sd.site       8.4736 13.90394 0.0695197      0.0985816
sd.y          0.5914  0.05498 0.0002749      0.0002839

2. Quantiles for each variable:

               2.5%     25%     50%     75%   97.5%
beta.o        2.151  5.6913  7.5434  9.5994 13.9911
beta.site[1] -1.991  2.3859  4.4440  6.3037  9.8594
beta.site[2] -9.894 -5.4979 -3.4421 -1.5796  1.9546
sd.site       2.274  3.8992  5.6623  8.9884 30.5760
sd.y          0.490  0.5532  0.5891  0.6274  0.7053

################################################
------------------------------------------------
starting meta-analysis for:

 SLA 

------------------------------------------------
prior for SLA
                     (using R parameterization):
weibull(2.06, 19)
data max: 27.86 
data min: 10.3 
mean: 18 
n: 63
stem plot of data points

  The decimal point is at the |

  10 | 3778578
  12 | 0015678994679
  14 | 26692489
  16 | 6279
  18 | 256011569
  20 | 797
  22 | 350368
  24 | 0237899136
  26 | 069

stem plot of obs.prec:

  The decimal point is 2 digit(s) to the right of the |

  0 | 00000000000000000000000000000001112
  0 | 
  1 | 
  1 | 
  2 | 1
  2 | 
  3 | 0

Compiling model graph
   Resolving undeclared variables
   Allocating nodes
Graph information:
   Observed stochastic nodes: 100
   Unobserved stochastic nodes: 44
   Total graph size: 453

Initializing model


Iterations = 1002:4000
Thinning interval = 2 
Number of chains = 4 
Sample size per chain = 1500 

1. Empirical mean and standard deviation for each variable,
   plus standard error of the mean:

                 Mean      SD  Naive SE Time-series SE
beta.ghs[2]   6.58817 2.57592 0.0332549       0.445948
beta.o       16.43512 1.48291 0.0191442       0.332146
beta.site[1] -1.60787 1.48725 0.0192004       0.315154
beta.site[2]  2.93437 1.53092 0.0197641       0.283463
beta.site[3]  2.96430 2.24155 0.0289383       0.300430
beta.site[4] -0.47338 2.22618 0.0287399       0.308192
beta.site[5] -2.04972 2.25318 0.0290885       0.297867
beta.site[6] -2.63475 1.50928 0.0194847       0.298610
beta.site[7]  2.42683 1.51805 0.0195979       0.293919
beta.site[8] -5.67393 1.71206 0.0221026       0.269966
beta.trt[2]   3.85891 0.67564 0.0087224       0.010199
beta.trt[3]   1.16374 0.64308 0.0083021       0.009205
beta.trt[4]  -0.72075 0.69962 0.0090321       0.010977
beta.trt[5]  -2.05436 0.48183 0.0062204       0.011115
beta.trt[6]   0.04801 0.48151 0.0062162       0.008114
sd.site       3.76111 1.23045 0.0158851       0.058165
sd.trt        2.49331 1.05671 0.0136421       0.014179
sd.y          1.65733 0.03554 0.0004588       0.000460

2. Quantiles for each variable:

                 2.5%     25%      50%     75%    97.5%
beta.ghs[2]   1.10762  4.9457  6.69759  8.4611 11.22979
beta.o       13.78185 15.2889 16.39483 17.5213 19.35966
beta.site[1] -4.58430 -2.6912 -1.56864 -0.4555  1.05770
beta.site[2] -0.03939  1.8487  2.96545  4.0445  5.80039
beta.site[3] -0.93424  1.3189  2.72735  4.4639  7.68024
beta.site[4] -4.30409 -2.1073 -0.67131  1.0540  4.25773
beta.site[5] -6.04253 -3.6814 -2.20957 -0.5489  2.64694
beta.site[6] -5.61224 -3.7322 -2.59902 -1.4587  0.04738
beta.site[7] -0.58052  1.3386  2.44293  3.5664  5.17101
beta.site[8] -9.10306 -6.8458 -5.59617 -4.4408 -2.51977
beta.trt[2]   2.55493  3.4056  3.85298  4.3193  5.18486
beta.trt[3]  -0.09445  0.7376  1.16687  1.5903  2.45611
beta.trt[4]  -2.06321 -1.1895 -0.72502 -0.2493  0.66408
beta.trt[5]  -2.98668 -2.3842 -2.05745 -1.7153 -1.11905
beta.trt[6]  -0.91023 -0.2703  0.04854  0.3766  0.98495
sd.site       2.09987  2.9041  3.52583  4.3260  6.83352
sd.trt        1.23422  1.7927  2.23728  2.9139  5.23749
sd.y          1.58860  1.6335  1.65679  1.6811  1.72774

################################################
------------------------------------------------
starting meta-analysis for:

 seedling_mortality 

------------------------------------------------
prior for seedling_mortality
                     (using R parameterization):
beta(3.61, 0.433)
data max: 0.99 
data min: 0.05 
mean: 0.579 
n: 40
stem plot of data points

  The decimal point is 1 digit(s) to the left of the |

  0 | 579
  1 | 566899
  2 | 59
  3 | 8
  4 | 669
  5 | 001146
  6 | 366
  7 | 11
  8 | 338
  9 | 44455577789

no estimates of SD for seedling_mortality
Compiling model graph
   Resolving undeclared variables
   Allocating nodes
Graph information:
   Observed stochastic nodes: 40
   Unobserved stochastic nodes: 42
   Total graph size: 140

Initializing model


Iterations = 1002:4000
Thinning interval = 2 
Number of chains = 4 
Sample size per chain = 1500 

1. Empirical mean and standard deviation for each variable,
   plus standard error of the mean:

         Mean      SD  Naive SE Time-series SE
beta.o 0.5390 0.05076 0.0006553      0.0007305
sd.y   0.6244 0.07257 0.0009369      0.0009484

2. Quantiles for each variable:

         2.5%    25%    50%    75%  97.5%
beta.o 0.4423 0.5051 0.5388 0.5726 0.6386
sd.y   0.5006 0.5743 0.6167 0.6663 0.7873

################################################
------------------------------------------------
starting meta-analysis for:

 fineroot2leaf 

------------------------------------------------
prior for fineroot2leaf
                     (using R parameterization):
lnorm(0.811, 0.843)
data max: 6.71 
data min: 0.36 
mean: 1.84 
n: 36
stem plot of data points

  The decimal point is at the |

  0 | 446688
  1 | 000122333455679
  2 | 012223334578
  3 | 4
  4 | 6
  5 | 
  6 | 7

stem plot of obs.prec:

  The decimal point is 4 digit(s) to the right of the |

  0 | 1111111111111111
  0 | 
  1 | 
  1 | 
  2 | 
  2 | 9999999999999999

Compiling model graph
   Resolving undeclared variables
   Allocating nodes
Graph information:
   Observed stochastic nodes: 68
   Unobserved stochastic nodes: 9
   Total graph size: 166

Initializing model


Iterations = 1002:4000
Thinning interval = 2 
Number of chains = 4 
Sample size per chain = 1500 

1. Empirical mean and standard deviation for each variable,
   plus standard error of the mean:

                Mean       SD  Naive SE Time-series SE
beta.o        1.6667 0.518894 0.0066989      1.153e-01
beta.site[1]  0.2319 0.519717 0.0067095      1.183e-01
beta.site[2] -0.3389 0.521287 0.0067298      1.123e-01
sd.site       0.8450 1.099384 0.0141930      8.841e-02
sd.y          0.3588 0.004392 0.0000567      5.861e-05

2. Quantiles for each variable:

                2.5%     25%     50%      75%  97.5%
beta.o        0.7359  1.4072  1.6268  1.84491 3.0595
beta.site[1] -1.1550  0.0511  0.2671  0.49018 1.1630
beta.site[2] -1.7471 -0.5219 -0.2917 -0.07225 0.5864
sd.site       0.1625  0.3211  0.5206  0.93612 3.5369
sd.y          0.3501  0.3559  0.3588  0.36180 0.3674

################################################
------------------------------------------------
starting meta-analysis for:

 c2n_leaf 

------------------------------------------------
prior for c2n_leaf
                     (using R parameterization):
gamma(4.18, 0.13)
data max: 166.925938888889 
data min: 19.91735823352 
mean: 46.1 
n: 75
stem plot of data points

  The decimal point is 1 digit(s) to the right of the |

   0 | 
   2 | 0001235578899222223334555777888889999
   4 | 00111112246667034445666789
   6 | 2668912
   8 | 347
  10 | 6
  12 | 
  14 | 
  16 | 7

stem plot of obs.prec:

  The decimal point is 4 digit(s) to the right of the |

   0 | 000000000000000000000000000000000000000001
   2 | 
   4 | 
   6 | 
   8 | 
  10 | 
  12 | 7

Compiling model graph
   Resolving undeclared variables
   Allocating nodes
Graph information:
   Observed stochastic nodes: 118
   Unobserved stochastic nodes: 47
   Total graph size: 444

Initializing model


Iterations = 4003:34000
Thinning interval = 3 
Number of chains = 4 
Sample size per chain = 10000 

1. Empirical mean and standard deviation for each variable,
   plus standard error of the mean:

                  Mean       SD  Naive SE Time-series SE
beta.o         42.5950  5.01504 2.508e-02      8.091e-01
beta.site[10]  -8.1977  5.16052 2.580e-02      7.811e-01
beta.site[1]    3.2409  5.02039 2.510e-02      7.961e-01
beta.site[2]   28.2962  5.16063 2.580e-02      7.929e-01
beta.site[3]  -14.5248  5.24049 2.620e-02      7.574e-01
beta.site[4]   17.7598  5.04493 2.522e-02      8.058e-01
beta.site[5]   -7.3197  5.06222 2.531e-02      8.297e-01
beta.site[6]    6.1882  5.03002 2.515e-02      8.133e-01
beta.site[7]  -10.6437  5.02014 2.510e-02      7.928e-01
beta.site[8]   -2.5596  5.18402 2.592e-02      8.168e-01
beta.site[9]   10.6227  5.18940 2.595e-02      7.930e-01
beta.trt[2]     0.3836  0.37510 1.876e-03      2.351e-03
sd.site        15.1475  4.38648 2.193e-02      2.180e-01
sd.trt          3.4082 92.88008 4.644e-01      4.710e-01
sd.y            3.2012  0.01394 6.971e-05      7.033e-05

2. Quantiles for each variable:

                   2.5%        25%      50%       75%   97.5%
beta.o         28.36554  40.212432  42.9890  45.83721 50.9696
beta.site[10] -16.95678 -11.545341  -8.5727  -5.61484  5.8269
beta.site[1]   -5.15473  -0.008404   2.8481   5.63061 17.4624
beta.site[2]   19.61557  24.954505  27.8994  30.83468 42.6052
beta.site[3]  -23.59372 -17.906486 -14.8653 -11.85486 -0.7548
beta.site[4]    9.30492  14.476420  17.3718  20.19236 32.0082
beta.site[5]  -15.82564 -10.575076  -7.6986  -4.88275  6.8773
beta.site[6]   -2.23856   2.930078   5.7880   8.58001 20.3912
beta.site[7]  -19.04703 -13.886204 -11.0279  -8.25544  3.5678
beta.site[8]  -11.35393  -5.908731  -2.9043   0.01451 11.5537
beta.site[9]    1.89300   7.278618  10.2350  13.20334 24.7876
beta.trt[2]    -0.21398   0.098820   0.3323   0.62549  1.2008
sd.site         9.36068  12.153241  14.2360  17.11075 26.2241
sd.trt          0.09194   0.276755   0.5876   1.35457 14.0337
sd.y            3.17387   3.191825   3.2012   3.21071  3.2285

################################################
------------------------------------------------
starting meta-analysis for:

 Vcmax 

------------------------------------------------
prior for Vcmax
                     (using R parameterization):
unif(0, 500)
data max: 37.0468387634513 
data min: 8.83 
mean: 26.6 
n: 31
stem plot of data points

  The decimal point is 1 digit(s) to the right of the |

  0 | 9
  1 | 23
  1 | 5
  2 | 03333444
  2 | 5556889
  3 | 0023334
  3 | 56667

stem plot of obs.prec:

  The decimal point is 4 digit(s) to the left of the |

  0 | 000011131
  2 | 1
  4 | 
  6 | 5

Compiling model graph
   Resolving undeclared variables
   Allocating nodes
Graph information:
   Observed stochastic nodes: 42
   Unobserved stochastic nodes: 29
   Total graph size: 196

Initializing model


Iterations = 4003:34000
Thinning interval = 3 
Number of chains = 4 
Sample size per chain = 10000 

1. Empirical mean and standard deviation for each variable,
   plus standard error of the mean:

                  Mean       SD Naive SE Time-series SE
beta.o       119.88047 127.1315 0.635658      29.171114
beta.site[1] -99.31699 128.1074 0.640537      30.061551
beta.site[2] -90.65086 126.2701 0.631351      28.964739
beta.site[3] -97.79712 127.3994 0.636997      29.281790
beta.site[4] -90.69285 126.2608 0.631304      28.983464
beta.trt[2]    0.07178   2.6529 0.013265       0.019466
sd.site      120.41902 182.9174 0.914587      26.324252
sd.trt        12.22522 266.9213 1.334607       1.352279
sd.y          15.82987   0.9507 0.004753       0.005093

2. Quantiles for each variable:

                   2.5%       25%       50%      75%   97.5%
beta.o         18.63666   24.4084 27.820527 248.4169 360.891
beta.site[1] -341.50123 -228.9110 -7.281288  -2.3231   2.373
beta.site[2] -330.78535 -218.0509  0.013886   3.7025  11.535
beta.site[3] -339.07611 -226.9528 -5.807725  -1.7811   3.352
beta.site[4] -330.69490 -217.9215 -0.004395   3.6524  11.450
beta.trt[2]    -5.92690   -0.5996  0.008285   0.6669   6.551
sd.site         0.47266    4.0684  8.659965 218.9082 572.071
sd.trt          0.09754    0.3802  1.184106   3.9985  45.569
sd.y           14.01424   15.1722 15.813783  16.4689  17.723

################################################
------------------------------------------------
starting meta-analysis for:

 quantum_efficiency 

------------------------------------------------
prior for quantum_efficiency
                     (using R parameterization):
weibull(3.32, 0.08)
data max: 0.0719 
data min: 0.0374 
mean: 0.052 
n: 29
stem plot of data points

  The decimal point is 2 digit(s) to the left of the |

  3 | 77
  4 | 11133
  4 | 5578
  5 | 222222333
  5 | 566
  6 | 0
  6 | 577
  7 | 22

stem plot of obs.prec:

  The decimal point is 9 digit(s) to the right of the |

  0 | 000
  2 | 1
  4 | 
  6 | 4

Compiling model graph
   Resolving undeclared variables
   Allocating nodes
Graph information:
   Observed stochastic nodes: 34
   Unobserved stochastic nodes: 33
   Total graph size: 192

Initializing model


Iterations = 1002:4000
Thinning interval = 2 
Number of chains = 4 
Sample size per chain = 1500 

1. Empirical mean and standard deviation for each variable,
   plus standard error of the mean:

                   Mean        SD  Naive SE Time-series SE
beta.ghs[2]  -0.0024010 0.0062800 8.107e-05      3.928e-04
beta.o        0.0548448 0.0057164 7.380e-05      3.806e-04
beta.site[1] -0.0010250 0.0037482 4.839e-05      1.415e-04
beta.site[2]  0.0005709 0.0038823 5.012e-05      5.925e-05
beta.site[3]  0.0006194 0.0028602 3.692e-05      1.035e-04
beta.site[4] -0.0005690 0.0030659 3.958e-05      9.477e-05
beta.site[5] -0.0005257 0.0030666 3.959e-05      9.093e-05
sd.site       0.0036191 0.0028460 3.674e-05      9.797e-05
sd.y          0.0166664 0.0009565 1.235e-05      1.362e-05

2. Quantiles for each variable:

                  2.5%        25%        50%      75%    97.5%
beta.ghs[2]  -0.015718 -0.0063913 -0.0022749 0.001897 0.009335
beta.o        0.044122  0.0508583  0.0547280 0.058579 0.066908
beta.site[1] -0.010117 -0.0026191 -0.0006581 0.001022 0.005568
beta.site[2] -0.006738 -0.0013171  0.0003428 0.002191 0.009410
beta.site[3] -0.005093 -0.0008138  0.0006052 0.002121 0.006462
beta.site[4] -0.007377 -0.0019936 -0.0004049 0.001068 0.005065
beta.site[5] -0.007260 -0.0019248 -0.0003670 0.001097 0.005301
sd.site       0.001059  0.0018970  0.0028249 0.004359 0.010852
sd.y          0.014844  0.0160067  0.0166393 0.017315 0.018602

################################################
------------------------------------------------
starting meta-analysis for:

 root_turnover_rate 

------------------------------------------------
prior for root_turnover_rate
                     (using R parameterization):
weibull(1.67, 0.657)
data max: 0.74 
data min: 0.74 
mean: 0.74 
n: 1
stem plot of data points
stem plot of obs.prec:
Compiling model graph
   Resolving undeclared variables
   Allocating nodes
Graph information:
   Observed stochastic nodes: 2
   Unobserved stochastic nodes: 2
   Total graph size: 17

Initializing model


Iterations = 1002:4000
Thinning interval = 2 
Number of chains = 4 
Sample size per chain = 1500 

1. Empirical mean and standard deviation for each variable,
   plus standard error of the mean:

         Mean     SD Naive SE Time-series SE
beta.o 0.6574 0.2288 0.002954       0.003314
sd.y   0.4710 0.1915 0.002472       0.004615

2. Quantiles for each variable:

         2.5%    25%    50%    75%  97.5%
beta.o 0.1814 0.5101 0.6685 0.8020 1.1018
sd.y   0.1510 0.3314 0.4554 0.5953 0.8832

################################################
------------------------------------------------
starting meta-analysis for:

 root_respiration_rate 

------------------------------------------------
prior for root_respiration_rate
                     (using R parameterization):
weibull(2.66, 6.29)
data max: 5.1246967663246 
data min: 5.1246967663246 
mean: 5.12 
n: 1
stem plot of data points
stem plot of obs.prec:
Compiling model graph
   Resolving undeclared variables
   Allocating nodes
Graph information:
   Observed stochastic nodes: 2
   Unobserved stochastic nodes: 2
   Total graph size: 16

Initializing model


Iterations = 1002:4000
Thinning interval = 2 
Number of chains = 4 
Sample size per chain = 1500 

1. Empirical mean and standard deviation for each variable,
   plus standard error of the mean:

        Mean     SD Naive SE Time-series SE
beta.o 5.152 0.7195 0.009289        0.01038
sd.y   1.207 0.5223 0.006743        0.01757

2. Quantiles for each variable:

         2.5%    25%   50%   75% 97.5%
beta.o 3.6249 4.7570 5.148 5.547 6.651
sd.y   0.2832 0.8284 1.178 1.540 2.319

